2022-10-04 09:19:19,466 [Worker-5: Loading available Gradle versions] INFO  o.e.b.c.i.u.g.PublishedGradleVersions - Gradle version information cache is up-to-date. Trying to read.
2022-10-04 09:19:44,044 [Start Help Server] INFO  org.eclipse.jetty.server.Server - jetty-10.0.6; built: 2021-06-29T15:28:56.259Z; git: 37e7731b4b142a882d73974ff3bec78d621bd674; jvm 17.0.4+8-Ubuntu-120.04
2022-10-04 09:19:44,090 [Start Help Server] INFO  o.e.j.s.s.DefaultSessionIdManager - Session workerName=node0
2022-10-04 09:19:44,142 [Start Help Server] INFO  o.e.j.server.handler.ContextHandler - Started o.e.j.s.ServletContextHandler@6d427872{/help,null,AVAILABLE}
2022-10-04 09:19:44,159 [Start Help Server] INFO  o.e.jetty.server.AbstractConnector - Started ServerConnector@355abd3e{HTTP/1.1, (http/1.1)}{127.0.0.1:41375}
2022-10-04 09:19:44,161 [Start Help Server] INFO  org.eclipse.jetty.server.Server - Started Server@292f5692{STARTING}[10.0.6,sto=0] @58966ms
2022-10-04 09:19:53,870 [Stop Help Server] INFO  org.eclipse.jetty.server.Server - Stopped Server@292f5692{STOPPING}[10.0.6,sto=0]
2022-10-04 09:19:53,878 [Stop Help Server] INFO  o.e.jetty.server.AbstractConnector - Stopped ServerConnector@355abd3e{HTTP/1.1, (http/1.1)}{127.0.0.1:0}
2022-10-04 09:19:53,892 [Stop Help Server] INFO  o.e.j.server.handler.ContextHandler - Stopped o.e.j.s.ServletContextHandler@6d427872{/help,null,STOPPED}
2022-10-04 09:20:01,529 [Start Help Server] INFO  org.eclipse.jetty.server.Server - jetty-10.0.6; built: 2021-06-29T15:28:56.259Z; git: 37e7731b4b142a882d73974ff3bec78d621bd674; jvm 17.0.4+8-Ubuntu-120.04
2022-10-04 09:20:01,555 [Start Help Server] INFO  o.e.j.s.s.DefaultSessionIdManager - Session workerName=node0
2022-10-04 09:20:01,584 [Start Help Server] INFO  o.e.j.server.handler.ContextHandler - Started o.e.j.s.ServletContextHandler@67062337{/help,null,AVAILABLE}
2022-10-04 09:20:01,594 [Start Help Server] INFO  o.e.jetty.server.AbstractConnector - Started ServerConnector@32b7c0ee{HTTP/1.1, (http/1.1)}{127.0.0.1:43487}
2022-10-04 09:20:01,625 [Start Help Server] INFO  org.eclipse.jetty.server.Server - Started Server@7e7c2308{STARTING}[10.0.6,sto=0] @6851ms
2022-10-04 09:20:01,958 [Worker-6: Loading available Gradle versions] INFO  o.e.b.c.i.u.g.PublishedGradleVersions - Gradle version information cache is up-to-date. Trying to read.
2022-10-04 09:50:56,276 [Stop Help Server] INFO  org.eclipse.jetty.server.Server - Stopped Server@7e7c2308{STOPPING}[10.0.6,sto=0]
2022-10-04 09:50:56,295 [Stop Help Server] INFO  o.e.jetty.server.AbstractConnector - Stopped ServerConnector@32b7c0ee{HTTP/1.1, (http/1.1)}{127.0.0.1:0}
2022-10-04 09:50:56,318 [Stop Help Server] INFO  o.e.j.server.handler.ContextHandler - Stopped o.e.j.s.ServletContextHandler@67062337{/help,null,STOPPED}
2022-10-04 12:41:09,521 [Worker-0: Loading available Gradle versions] INFO  o.e.b.c.i.u.g.PublishedGradleVersions - Gradle version information cache is up-to-date. Trying to read.
2022-10-04 13:56:51,465 [Worker-0: Loading available Gradle versions] INFO  o.e.b.c.i.u.g.PublishedGradleVersions - Gradle version information cache is up-to-date. Trying to read.
2022-10-04 17:18:44,396 [Worker-0: Loading available Gradle versions] INFO  o.e.b.c.i.u.g.PublishedGradleVersions - Gradle version information cache is out-of-date. Trying to update.
2022-10-04 17:41:17,356 [Worker-0: Loading available Gradle versions] INFO  o.e.b.c.i.u.g.PublishedGradleVersions - Gradle version information cache is up-to-date. Trying to read.
2022-10-05 11:17:38,934 [Worker-3: Loading available Gradle versions] INFO  o.e.b.c.i.u.g.PublishedGradleVersions - Gradle version information cache is up-to-date. Trying to read.
2022-10-05 17:22:10,279 [Worker-5: Loading available Gradle versions] INFO  o.e.b.c.i.u.g.PublishedGradleVersions - Gradle version information cache is out-of-date. Trying to update.
2022-10-06 08:16:10,258 [Worker-1: Loading available Gradle versions] INFO  o.e.b.c.i.u.g.PublishedGradleVersions - Gradle version information cache is up-to-date. Trying to read.
